# JRE version: Java(TM) SE Runtime Environment (8.0_40-b26) (build 1.8.0_40-b26)
# Java VM: Java HotSpot(TM) 64-Bit Server VM (25.40-b25 mixed mode windows-amd64 compressed oops)
Heap:
 PSYoungGen      total 89600K, used 23159K [0x00000000f5580000, 0x00000000fce80000, 0x0000000100000000)
  eden space 87040K, 26% used [0x00000000f5580000,0x00000000f6c1de30,0x00000000faa80000)
  from space 2560K, 0% used [0x00000000faa80000,0x00000000faa80000,0x00000000fad00000)
  to   space 18432K, 0% used [0x00000000fbc80000,0x00000000fbc80000,0x00000000fce80000)
 ParOldGen       total 90112K, used 53751K [0x00000000e0000000, 0x00000000e5800000, 0x00000000f5580000)
  object space 90112K, 59% used [0x00000000e0000000,0x00000000e347df28,0x00000000e5800000)
 Metaspace       used 89040K, capacity 95768K, committed 96128K, reserved 1132544K
  class space    used 10574K, capacity 12573K, committed 12672K, reserved 1048576K
GC Heap History (10 events):
Event: 445.908 GC heap before
{Heap before GC invocations=30 (full 9):
 PSYoungGen      total 105984K, used 256K [0x00000000f5580000, 0x00000000fd080000, 0x0000000100000000)
  eden space 86528K, 0% used [0x00000000f5580000,0x00000000f5580000,0x00000000faa00000)
  from space 19456K, 1% used [0x00000000faa00000,0x00000000faa40000,0x00000000fbd00000)
  to   space 19456K, 0% used [0x00000000fbd80000,0x00000000fbd80000,0x00000000fd080000)
 ParOldGen       total 90112K, used 59622K [0x00000000e0000000, 0x00000000e5800000, 0x00000000f5580000)
  object space 90112K, 66% used [0x00000000e0000000,0x00000000e3a39820,0x00000000e5800000)
 Metaspace       used 85576K, capacity 92134K, committed 92416K, reserved 1130496K
  class space    used 10266K, capacity 12238K, committed 12288K, reserved 1048576K
Event: 446.101 GC heap after
Heap after GC invocations=30 (full 9):
 PSYoungGen      total 105984K, used 0K [0x00000000f5580000, 0x00000000fd080000, 0x0000000100000000)
  eden space 86528K, 0% used [0x00000000f5580000,0x00000000f5580000,0x00000000faa00000)
  from space 19456K, 0% used [0x00000000faa00000,0x00000000faa00000,0x00000000fbd00000)
  to   space 19456K, 0% used [0x00000000fbd80000,0x00000000fbd80000,0x00000000fd080000)
 ParOldGen       total 90112K, used 58931K [0x00000000e0000000, 0x00000000e5800000, 0x00000000f5580000)
  object space 90112K, 65% used [0x00000000e0000000,0x00000000e398ce20,0x00000000e5800000)
 Metaspace       used 85576K, capacity 92134K, committed 92416K, reserved 1130496K
  class space    used 10266K, capacity 12238K, committed 12288K, reserved 1048576K
}
Event: 505.922 GC heap before
{Heap before GC invocations=31 (full 9):
 PSYoungGen      total 105984K, used 68504K [0x00000000f5580000, 0x00000000fd080000, 0x0000000100000000)
  eden space 86528K, 79% used [0x00000000f5580000,0x00000000f9866398,0x00000000faa00000)
  from space 19456K, 0% used [0x00000000faa00000,0x00000000faa00000,0x00000000fbd00000)
  to   space 19456K, 0% used [0x00000000fbd80000,0x00000000fbd80000,0x00000000fd080000)
 ParOldGen       total 90112K, used 58931K [0x00000000e0000000, 0x00000000e5800000, 0x00000000f5580000)
  object space 90112K, 65% used [0x00000000e0000000,0x00000000e398ce20,0x00000000e5800000)
 Metaspace       used 88611K, capacity 95304K, committed 95616K, reserved 1132544K
  class space    used 10563K, capacity 12581K, committed 12672K, reserved 1048576K
Event: 505.928 GC heap after
Heap after GC invocations=31 (full 9):
 PSYoungGen      total 105472K, used 5399K [0x00000000f5580000, 0x00000000fcf80000, 0x0000000100000000)
  eden space 87040K, 0% used [0x00000000f5580000,0x00000000f5580000,0x00000000faa80000)
  from space 18432K, 29% used [0x00000000fbd80000,0x00000000fc2c5d18,0x00000000fcf80000)
  to   space 18944K, 0% used [0x00000000faa80000,0x00000000faa80000,0x00000000fbd00000)
 ParOldGen       total 90112K, used 58939K [0x00000000e0000000, 0x00000000e5800000, 0x00000000f5580000)
  object space 90112K, 65% used [0x00000000e0000000,0x00000000e398ee20,0x00000000e5800000)
 Metaspace       used 88611K, capacity 95304K, committed 95616K, reserved 1132544K
  class space    used 10563K, capacity 12581K, committed 12672K, reserved 1048576K
}
Event: 505.928 GC heap before
{Heap before GC invocations=32 (full 10):
 PSYoungGen      total 105472K, used 5399K [0x00000000f5580000, 0x00000000fcf80000, 0x0000000100000000)
  eden space 87040K, 0% used [0x00000000f5580000,0x00000000f5580000,0x00000000faa80000)
  from space 18432K, 29% used [0x00000000fbd80000,0x00000000fc2c5d18,0x00000000fcf80000)
  to   space 18944K, 0% used [0x00000000faa80000,0x00000000faa80000,0x00000000fbd00000)
 ParOldGen       total 90112K, used 58939K [0x00000000e0000000, 0x00000000e5800000, 0x00000000f5580000)
  object space 90112K, 65% used [0x00000000e0000000,0x00000000e398ee20,0x00000000e5800000)
 Metaspace       used 88611K, capacity 95304K, committed 95616K, reserved 1132544K
  class space    used 10563K, capacity 12581K, committed 12672K, reserved 1048576K
Event: 506.251 GC heap after
Heap after GC invocations=32 (full 10):
 PSYoungGen      total 105472K, used 0K [0x00000000f5580000, 0x00000000fcf80000, 0x0000000100000000)
  eden space 87040K, 0% used [0x00000000f5580000,0x00000000f5580000,0x00000000faa80000)
  from space 18432K, 0% used [0x00000000fbd80000,0x00000000fbd80000,0x00000000fcf80000)
  to   space 18944K, 0% used [0x00000000faa80000,0x00000000faa80000,0x00000000fbd00000)
 ParOldGen       total 90112K, used 54928K [0x00000000e0000000, 0x00000000e5800000, 0x00000000f5580000)
  object space 90112K, 60% used [0x00000000e0000000,0x00000000e35a42f8,0x00000000e5800000)
 Metaspace       used 88580K, capacity 95250K, committed 95616K, reserved 1132544K
  class space    used 10558K, capacity 12572K, committed 12672K, reserved 1048576K
}
Event: 590.257 GC heap before
{Heap before GC invocations=33 (full 10):
 PSYoungGen      total 105472K, used 77108K [0x00000000f5580000, 0x00000000fcf80000, 0x0000000100000000)
  eden space 87040K, 88% used [0x00000000f5580000,0x00000000fa0cd0f0,0x00000000faa80000)
  from space 18432K, 0% used [0x00000000fbd80000,0x00000000fbd80000,0x00000000fcf80000)
  to   space 18944K, 0% used [0x00000000faa80000,0x00000000faa80000,0x00000000fbd00000)
 ParOldGen       total 90112K, used 54928K [0x00000000e0000000, 0x00000000e5800000, 0x00000000f5580000)
  object space 90112K, 60% used [0x00000000e0000000,0x00000000e35a42f8,0x00000000e5800000)
 Metaspace       used 88964K, capacity 95774K, committed 96128K, reserved 1132544K
  class space    used 10574K, capacity 12574K, committed 12672K, reserved 1048576K
Event: 590.261 GC heap after
Heap after GC invocations=33 (full 10):
 PSYoungGen      total 89600K, used 2385K [0x00000000f5580000, 0x00000000fce80000, 0x0000000100000000)
  eden space 87040K, 0% used [0x00000000f5580000,0x00000000f5580000,0x00000000faa80000)
  from space 2560K, 93% used [0x00000000faa80000,0x00000000facd47c8,0x00000000fad00000)
  to   space 18432K, 0% used [0x00000000fbc80000,0x00000000fbc80000,0x00000000fce80000)
 ParOldGen       total 90112K, used 54936K [0x00000000e0000000, 0x00000000e5800000, 0x00000000f5580000)
  object space 90112K, 60% used [0x00000000e0000000,0x00000000e35a62f8,0x00000000e5800000)
 Metaspace       used 88964K, capacity 95774K, committed 96128K, reserved 1132544K
  class space    used 10574K, capacity 12574K, committed 12672K, reserved 1048576K
}
Event: 590.261 GC heap before
{Heap before GC invocations=34 (full 11):
 PSYoungGen      total 89600K, used 2385K [0x00000000f5580000, 0x00000000fce80000, 0x0000000100000000)
  eden space 87040K, 0% used [0x00000000f5580000,0x00000000f5580000,0x00000000faa80000)
  from space 2560K, 93% used [0x00000000faa80000,0x00000000facd47c8,0x00000000fad00000)
  to   space 18432K, 0% used [0x00000000fbc80000,0x00000000fbc80000,0x00000000fce80000)
 ParOldGen       total 90112K, used 54936K [0x00000000e0000000, 0x00000000e5800000, 0x00000000f5580000)
  object space 90112K, 60% used [0x00000000e0000000,0x00000000e35a62f8,0x00000000e5800000)
 Metaspace       used 88964K, capacity 95774K, committed 96128K, reserved 1132544K
  class space    used 10574K, capacity 12574K, committed 12672K, reserved 1048576K
Event: 590.608 GC heap after
Heap after GC invocations=34 (full 11):
 PSYoungGen      total 89600K, used 0K [0x00000000f5580000, 0x00000000fce80000, 0x0000000100000000)
  eden space 87040K, 0% used [0x00000000f5580000,0x00000000f5580000,0x00000000faa80000)
  from space 2560K, 0% used [0x00000000faa80000,0x00000000faa80000,0x00000000fad00000)
  to   space 18432K, 0% used [0x00000000fbc80000,0x00000000fbc80000,0x00000000fce80000)
 ParOldGen       total 90112K, used 53751K [0x00000000e0000000, 0x00000000e5800000, 0x00000000f5580000)
  object space 90112K, 59% used [0x00000000e0000000,0x00000000e347df28,0x00000000e5800000)
 Metaspace       used 88960K, capacity 95768K, committed 96128K, reserved 1132544K
  class space    used 10574K, capacity 12573K, committed 12672K, reserved 1048576K
}

